<?xml version="1.0" encoding="UTF-8"?>
<!-- Generated by org.testng.reporters.JUnitReportReporter -->
<testsuite hostname="DESKTOP-U704183" failures="0" tests="1" name="assertion.Almosafer" time="0.216" errors="0" timestamp="2023-09-23T00:55:06 PDT" skipped="0">
  <testcase classname="assertion.Almosafer" name="myTest" time="0.216"/>
  <system-out/>
</testsuite> <!-- assertion.Almosafer -->
